p:advanced-database-cleaner-pro|Advanced Database Cleaner - Premium
p:all-in-one-wp-migration|All-in-One WP Migration and Backup
p:allkeystore-updater|Allkeystore Updater
p:better-search-replace-pro|Better Search Replace Pro
p:disable-gutenberg|Disable Gutenberg
p:loco-translate|Loco Translate
p:modula-best-grid-gallery|Modula
p:op-builder|OptimizeBuilder
p:op-dashboard|OptimizePress Dashboard
p:autodescription|The SEO Framework
p:the-seo-framework-extension-manager|The SEO Framework - Extension Manager
p:automation-by-installatron.php|WordPress automation by Installatron
p:wp-all-import-pro|WP All Import Pro
p:wp-testimonial-with-widget|WP Testimonials with Rotator Widget
p:waspthemes-yellow-pencil|YellowPencil Pro
t:op-smart-theme3|Smart Theme v3
t:twentytwentyfive|Twenty Twenty-Five
p:insert-headers-and-footers|WPCode Lite
p:simple-tags|TaxoPress
p:contact-form-7|Contact Form 7
p:cf7-styler|WOW Styler for CF7 – Visual Styler for Contact Form 7 Forms
p:all-in-one-wp-migration-unlimited-extension|All-in-One WP Migration Unlimited Extension
p:duplicator|Duplicator
p:simply-static-pro|Simply Static Pro
t:twentytwentyfour|Twenty Twenty-Four
t:twentytwentythree|Twenty Twenty-Three
p:simply-static|Simply Static
